Startpoint: cset (input port clocked by clk)
Endpoint: cset_out (output port clocked by clk)
Path Group: clk
Path Type: max

  Delay    Time   Description
---------------------------------------------------------
   0.00    0.00   clock clk (rise edge)
   0.00    0.00   clock network delay (ideal)
   6.00    6.00 ^ input external delay
   0.03    6.03 ^ cset (in)
   0.21    6.25 v _20765_/Y (sky130_fd_sc_hd__a22oi_4)
   0.19    6.44 ^ _20766_/Y (sky130_fd_sc_hd__inv_8)
   0.28    6.72 ^ _20767_/X (sky130_fd_sc_hd__buf_1)
   0.36    7.08 ^ _20768_/X (sky130_fd_sc_hd__buf_1)
   0.38    7.46 ^ _20769_/X (sky130_fd_sc_hd__buf_1)
   1.01    8.46 ^ _20770_/X (sky130_fd_sc_hd__buf_1)
   0.03    8.49 ^ cset_out (out)
           8.49   data arrival time

  30.00   30.00   clock clk (rise edge)
   0.00   30.00   clock network delay (ideal)
   0.00   30.00   clock reconvergence pessimism
  -6.00   24.00   output external delay
          24.00   data required time
---------------------------------------------------------
          24.00   data required time
          -8.49   data arrival time
---------------------------------------------------------
          15.51   slack (MET)


