Startpoint: cset (input port clocked by clk)
Endpoint: cset_out (output port clocked by clk)
Path Group: clk
Path Type: max

  Delay    Time   Description
---------------------------------------------------------
   0.00    0.00   clock clk (rise edge)
   0.00    0.00   clock network delay (ideal)
   6.00    6.00 ^ input external delay
   0.03    6.03 ^ cset (in)
   0.20    6.23 v _20765_/Y (sky130_fd_sc_hd__a22oi_4)
   0.17    6.39 ^ _20766_/Y (sky130_fd_sc_hd__inv_8)
   0.28    6.67 ^ _20767_/X (sky130_fd_sc_hd__buf_1)
   0.35    7.02 ^ _20768_/X (sky130_fd_sc_hd__buf_1)
   0.35    7.38 ^ _20769_/X (sky130_fd_sc_hd__buf_1)
   0.95    8.33 ^ _20770_/X (sky130_fd_sc_hd__buf_1)
   0.01    8.34 ^ cset_out (out)
           8.34   data arrival time

  30.00   30.00   clock clk (rise edge)
   0.00   30.00   clock network delay (ideal)
   0.00   30.00   clock reconvergence pessimism
  -6.00   24.00   output external delay
          24.00   data required time
---------------------------------------------------------
          24.00   data required time
          -8.34   data arrival time
---------------------------------------------------------
          15.66   slack (MET)


