
31. Printing statistics.

=== mac_tile ===

   Number of wires:              26386
   Number of wire bits:          27158
   Number of public wires:        5622
   Number of public wire bits:    6394
   Number of memories:               0
   Number of memory bits:            0
   Number of processes:              0
   Number of cells:              27467
     mac_cluster                     1
     sky130_fd_sc_hd__a21o_4      2331
     sky130_fd_sc_hd__a21oi_4     1168
     sky130_fd_sc_hd__a22oi_4        1
     sky130_fd_sc_hd__buf_1       4148
     sky130_fd_sc_hd__dfxtp_4     5536
     sky130_fd_sc_hd__inv_8       1169
     sky130_fd_sc_hd__nor2_4      8742
     sky130_fd_sc_hd__nor3_4      3200
     sky130_fd_sc_hd__o21ai_4        1
     sky130_fd_sc_hd__or2_4          6
     transmission_gate            1164

   Area for cell type \mac_cluster is unknown!
   Area for cell type \transmission_gate is unknown!

   Chip area for module '\mac_tile': 364918.736000

